[INFO] Scanning for projects...
[INFO] 
[INFO] ------------------------------------------------------------------------
[INFO] Building DocArchive 1
[INFO] ------------------------------------------------------------------------
[INFO] 
[INFO] >>> wildfly-maven-plugin:1.2.2.Final:run (default-cli) > package @ DocArchive >>>
[WARNING] The POM for unknown.binary:hibernate-jpamodelgen-4.3.1.Final:jar:SNAPSHOT is missing, no dependency information available
[INFO] 
[INFO] --- maven-resources-plugin:2.6:resources (default-resources) @ DocArchive ---
[INFO] Using 'UTF-8' encoding to copy filtered resources.
[INFO] Copying 4 resources
[INFO] 
[INFO] --- maven-compiler-plugin:3.1:compile (default-compile) @ DocArchive ---
[INFO] Nothing to compile - all classes are up to date
[INFO] 
[INFO] --- maven-resources-plugin:2.6:testResources (default-testResources) @ DocArchive ---
[INFO] Using 'UTF-8' encoding to copy filtered resources.
[INFO] skip non existing resourceDirectory C:\Project\Java\JSF\docArchiveJSF\src\test\resources
[INFO] 
[INFO] --- maven-compiler-plugin:3.1:testCompile (default-testCompile) @ DocArchive ---
[INFO] Nothing to compile - all classes are up to date
[INFO] 
[INFO] --- maven-surefire-plugin:2.12.4:test (default-test) @ DocArchive ---
[INFO] 
[INFO] --- maven-war-plugin:2.2:war (default-war) @ DocArchive ---
[INFO] Packaging webapp
[INFO] Assembling webapp [DocArchive] in [C:\Project\Java\JSF\docArchiveJSF\target\docarchive]
[INFO] Processing war project
[INFO] Copying webapp resources [C:\Project\Java\JSF\docArchiveJSF\src\main\webapp]
[INFO] Webapp assembled in [83 msecs]
[INFO] Building war: C:\Project\Java\JSF\docArchiveJSF\target\docarchive.war
[INFO] WEB-INF\web.xml already added, skipping
[INFO] 
[INFO] <<< wildfly-maven-plugin:1.2.2.Final:run (default-cli) < package @ DocArchive <<<
[INFO] 
[INFO] 
[INFO] --- wildfly-maven-plugin:1.2.2.Final:run (default-cli) @ DocArchive ---
[INFO] JAVA_HOME : C:\Program Files\Java\jdk1.8.0_121\jre
[INFO] JBOSS_HOME: C:\Project\Java\JSF\docArchiveJSF\target\wildfly-run\wildfly-16.0.0.Final
[INFO] JAVA_OPTS : -Xms64m -Xmx512m -Djava.net.preferIPv4Stack=true -Djava.awt.headless=true -Djboss.modules.system.pkgs=org.jboss.byteman
[INFO] Server is starting up. Press CTRL + C to stop the server.
19:13:03,962 INFO  [org.jboss.modules] (main) JBoss Modules version 1.9.0.Final
19:13:06,715 INFO  [org.jboss.msc] (main) JBoss MSC version 1.4.5.Final
19:13:06,730 INFO  [org.jboss.threads] (main) JBoss Threads version 2.3.3.Final
19:13:06,869 INFO  [org.jboss.as] (MSC service thread 1-2) WFLYSRV0049: WildFly Full 16.0.0.Final (WildFly Core 8.0.0.Final) starting
19:13:08,322 INFO  [org.wildfly.security] (ServerService Thread Pool -- 27) ELY00001: WildFly Elytron version 1.8.0.Final
19:13:13,366 INFO  [org.jboss.as.controller.management-deprecated] (Controller Boot Thread) WFLYCTL0028: Attribute 'security-realm' in the resource at address '/core-service=management/management-interface=http-interface' is deprecated, and may be removed in a future version. See the attribute description in the output of the read-resource-description operation to learn more about the deprecation.
19:13:13,390 INFO  [org.jboss.as.controller.management-deprecated] (ServerService Thread Pool -- 4) WFLYCTL0028: Attribute 'security-realm' in the resource at address '/subsystem=undertow/server=default-server/https-listener=https' is deprecated, and may be removed in a future version. See the attribute description in the output of the read-resource-description operation to learn more about the deprecation.
19:13:13,455 INFO  [org.jboss.as.server] (Controller Boot Thread) WFLYSRV0039: Creating http management service using socket-binding (management-http)
19:13:13,474 INFO  [org.xnio] (MSC service thread 1-1) XNIO version 3.6.5.Final
19:13:13,480 INFO  [org.xnio.nio] (MSC service thread 1-1) XNIO NIO Implementation Version 3.6.5.Final
19:13:13,515 WARN  [org.jboss.as.txn] (ServerService Thread Pool -- 70) WFLYTX0013: The node-identifier attribute on the /subsystem=transactions is set to the default value. This is a danger for environments running multiple servers. Please make sure the attribute value is unique.
19:13:13,519 INFO  [org.wildfly.extension.microprofile.config.smallrye._private] (ServerService Thread Pool -- 58) WFLYCONF0001: Activating WildFly MicroProfile Config Subsystem
19:13:13,520 INFO  [org.wildfly.extension.microprofile.opentracing] (ServerService Thread Pool -- 61) WFLYTRACEXT0001: Activating MicroProfile OpenTracing Subsystem
19:13:13,524 INFO  [org.jboss.as.security] (ServerService Thread Pool -- 68) WFLYSEC0002: Activating Security Subsystem
19:13:13,525 INFO  [org.jboss.as.clustering.infinispan] (ServerService Thread Pool -- 49) WFLYCLINF0001: Activating Infinispan subsystem.
19:13:13,535 INFO  [org.jboss.as.security] (MSC service thread 1-2) WFLYSEC0001: Current PicketBox version=5.0.3.Final
19:13:13,536 INFO  [org.jboss.as.naming] (ServerService Thread Pool -- 62) WFLYNAM0001: Activating Naming Subsystem
19:13:13,544 INFO  [org.jboss.as.webservices] (ServerService Thread Pool -- 72) WFLYWS0002: Activating WebServices Extension
19:13:13,571 INFO  [org.jboss.as.jsf] (ServerService Thread Pool -- 56) WFLYJSF0007: Activated the following JSF Implementations: [main]
19:13:13,586 INFO  [org.wildfly.extension.microprofile.metrics.smallrye] (ServerService Thread Pool -- 60) WFLYMETRICS0001: Activating Eclipse MicroProfile Metrics Subsystem
19:13:13,592 INFO  [org.wildfly.extension.io] (ServerService Thread Pool -- 50) WFLYIO001: Worker 'default' has auto-configured to 16 core threads with 128 task threads based on your 8 available processors
19:13:13,597 INFO  [org.wildfly.extension.microprofile.health.smallrye] (ServerService Thread Pool -- 59) WFLYHEALTH0001: Activating Eclipse MicroProfile Health Subsystem
19:13:13,609 INFO  [org.jboss.as.connector] (MSC service thread 1-6) WFLYJCA0009: Starting JCA Subsystem (WildFly/IronJacamar 1.4.12.Final)
19:13:13,665 INFO  [org.jboss.as.mail.extension] (MSC service thread 1-7) WFLYMAIL0002: Unbound mail session [java:jboss/mail/Default]
19:13:13,678 INFO  [org.jboss.as.connector.subsystems.datasources] (ServerService Thread Pool -- 42) WFLYJCA0004: Deploying JDBC-compliant driver class org.h2.Driver (version 1.4)
19:13:13,698 INFO  [io.smallrye.metrics] (MSC service thread 1-5) Converted [2] config entries and added [4] replacements
19:13:13,701 INFO  [org.wildfly.extension.undertow] (MSC service thread 1-2) WFLYUT0003: Undertow 2.0.19.Final starting
19:13:13,708 INFO  [io.smallrye.metrics] (MSC service thread 1-5) Converted [3] config entries and added [14] replacements
19:13:13,728 INFO  [org.jboss.as.connector.deployers.jdbc] (MSC service thread 1-2) WFLYJCA0018: Started Driver service with driver-name = h2
19:13:13,732 INFO  [org.jboss.as.naming] (MSC service thread 1-7) WFLYNAM0003: Starting Naming Service
19:13:13,737 INFO  [org.jboss.as.mail.extension] (MSC service thread 1-7) WFLYMAIL0001: Bound mail session [java:jboss/mail/Default]
19:13:13,846 INFO  [org.jboss.as.connector.subsystems.datasources] (MSC service thread 1-4) WFLYJCA0010: Unbound data source [java:jboss/datasources/ExampleDS]
19:13:13,855 INFO  [org.jboss.as.ejb3] (MSC service thread 1-5) WFLYEJB0481: Strict pool slsb-strict-max-pool is using a max instance size of 128 (per class), which is derived from thread worker pool sizing.
19:13:13,857 INFO  [org.jboss.as.ejb3] (MSC service thread 1-6) WFLYEJB0482: Strict pool mdb-strict-max-pool is using a max instance size of 32 (per class), which is derived from the number of CPUs on this host.
19:13:13,869 INFO  [org.jboss.remoting] (MSC service thread 1-1) JBoss Remoting version 5.0.8.Final
19:13:14,008 INFO  [org.wildfly.extension.undertow] (ServerService Thread Pool -- 71) WFLYUT0014: Creating file handler for path 'C:\Project\Java\JSF\docArchiveJSF\target\wildfly-run\wildfly-16.0.0.Final/welcome-content' with options [directory-listing: 'false', follow-symlink: 'false', case-sensitive: 'true', safe-symlink-paths: '[]']
19:13:14,015 INFO  [org.wildfly.extension.undertow] (MSC service thread 1-8) WFLYUT0012: Started server default-server.
19:13:14,018 INFO  [org.wildfly.extension.undertow] (MSC service thread 1-7) WFLYUT0018: Host default-host starting
19:13:14,044 INFO  [org.jboss.as.ejb3] (MSC service thread 1-7) WFLYEJB0493: EJB subsystem suspension complete
19:13:14,090 INFO  [org.wildfly.extension.undertow] (MSC service thread 1-6) WFLYUT0006: Undertow HTTP listener default listening on 127.0.0.1:8080
19:13:14,132 INFO  [org.jboss.as.connector.subsystems.datasources] (MSC service thread 1-3) WFLYJCA0001: Bound data source [java:jboss/datasources/ExampleDS]
19:13:14,244 INFO  [org.jboss.as.jaxrs] (ServerService Thread Pool -- 51) WFLYRS0016: RESTEasy version 3.6.3.Final
19:13:16,930 INFO  [org.jboss.as.patching] (MSC service thread 1-6) WFLYPAT0050: WildFly Full cumulative patch ID is: base, one-off patches include: none
19:13:16,942 WARN  [org.jboss.as.domain.management.security] (MSC service thread 1-3) WFLYDM0111: Keystore C:\Project\Java\JSF\docArchiveJSF\target\wildfly-run\wildfly-16.0.0.Final\standalone\configuration\application.keystore not found, it will be auto generated on first use with a self signed certificate for host localhost
19:13:16,950 INFO  [org.jboss.as.server.deployment.scanner] (MSC service thread 1-7) WFLYDS0013: Started FileSystemDeploymentService for directory C:\Project\Java\JSF\docArchiveJSF\target\wildfly-run\wildfly-16.0.0.Final\standalone\deployments
19:13:17,117 INFO  [org.wildfly.extension.undertow] (MSC service thread 1-5) WFLYUT0006: Undertow HTTPS listener https listening on 127.0.0.1:8443
19:13:17,763 INFO  [org.jboss.ws.common.management] (MSC service thread 1-3) JBWS022052: Starting JBossWS 5.2.4.Final (Apache CXF 3.2.7) 
19:13:17,871 INFO  [org.jboss.as.server] (Controller Boot Thread) WFLYSRV0212: Resuming server
19:13:17,873 INFO  [org.jboss.as] (Controller Boot Thread) WFLYSRV0060: Http management interface listening on http://127.0.0.1:9990/management
19:13:17,873 INFO  [org.jboss.as] (Controller Boot Thread) WFLYSRV0051: Admin console listening on http://127.0.0.1:9990
19:13:17,873 INFO  [org.jboss.as] (Controller Boot Thread) WFLYSRV0025: WildFly Full 16.0.0.Final (WildFly Core 8.0.0.Final) started in 15482ms - Started 305 of 531 services (324 services are lazy, passive or on-demand)
Warning! The CLI is running in a non-modular environment and cannot load commands from management extensions.
19:13:18,472 INFO  [org.jboss.as.connector.subsystems.datasources] (management-handler-thread - 1) WFLYJCA0005: Deploying non-JDBC-compliant driver class org.postgresql.Driver (version 42.2)
19:13:18,473 INFO  [org.jboss.as.connector.deployers.jdbc] (MSC service thread 1-5) WFLYJCA0018: Started Driver service with driver-name = postgres
{"outcome" => "success"}
19:13:18,572 INFO  [org.jboss.as.connector.subsystems.datasources] (MSC service thread 1-5) WFLYJCA0010: Unbound data source [java:/docArchive]
19:13:18,573 INFO  [org.jboss.as.connector.subsystems.datasources] (MSC service thread 1-5) WFLYJCA0001: Bound data source [java:/docArchive]
19:13:18,906 INFO  [org.jboss.as.repository] (management-handler-thread - 1) WFLYDR0001: Content added at location C:\Project\Java\JSF\docArchiveJSF\target\wildfly-run\wildfly-16.0.0.Final\standalone\data\content\18\74725fcde35639a3b7098f6213853da80521bc\content
19:13:18,924 INFO  [org.jboss.as.server.deployment] (MSC service thread 1-5) WFLYSRV0027: Starting deployment of "docarchive.war" (runtime-name: "docarchive.war")
19:13:19,719 INFO  [org.jboss.as.jpa] (MSC service thread 1-5) WFLYJPA0002: Read persistence.xml for db_JPA
19:13:19,957 INFO  [org.jboss.as.jpa] (ServerService Thread Pool -- 74) WFLYJPA0010: Starting Persistence Unit (phase 1 of 2) Service 'docarchive.war#db_JPA'
19:13:19,979 INFO  [org.hibernate.jpa.internal.util.LogHelper] (ServerService Thread Pool -- 74) HHH000204: Processing PersistenceUnitInfo [
	name: db_JPA
	...]
19:13:20,009 INFO  [org.jboss.weld.deployer] (MSC service thread 1-6) WFLYWELD0003: Processing weld deployment docarchive.war
19:13:20,063 INFO  [org.hibernate.Version] (ServerService Thread Pool -- 74) HHH000412: Hibernate Core {5.3.9.Final}
19:13:20,066 INFO  [org.hibernate.cfg.Environment] (ServerService Thread Pool -- 74) HHH000206: hibernate.properties not found
19:13:20,204 INFO  [org.hibernate.annotations.common.Version] (ServerService Thread Pool -- 74) HCANN000001: Hibernate Commons Annotations {5.0.5.Final}
19:13:20,472 INFO  [org.hibernate.validator.internal.util.Version] (MSC service thread 1-6) HV000001: Hibernate Validator 6.0.15.Final
19:13:20,840 INFO  [org.infinispan.factories.GlobalComponentRegistry] (MSC service thread 1-7) ISPN000128: Infinispan version: Infinispan 'Infinity Minus ONE +2' 9.4.8.Final
19:13:20,954 INFO  [org.jboss.as.connector.deployers.jdbc] (MSC service thread 1-2) WFLYJCA0005: Deploying non-JDBC-compliant driver class org.postgresql.Driver (version 42.2)
19:13:20,980 INFO  [org.jboss.weld.Version] (MSC service thread 1-2) WELD-000900: 3.1.0 (Final)
19:13:21,035 INFO  [org.jboss.as.connector.deployers.jdbc] (MSC service thread 1-3) WFLYJCA0018: Started Driver service with driver-name = docarchive.war_org.postgresql.Driver_42_2
19:13:21,183 INFO  [org.jboss.as.clustering.infinispan] (ServerService Thread Pool -- 74) WFLYCLINF0002: Started client-mappings cache from ejb container
19:13:21,199 INFO  [org.jboss.as.jpa] (ServerService Thread Pool -- 21) WFLYJPA0010: Starting Persistence Unit (phase 2 of 2) Service 'docarchive.war#db_JPA'
19:13:21,587 INFO  [org.hibernate.dialect.Dialect] (ServerService Thread Pool -- 21) HHH000400: Using dialect: org.hibernate.dialect.PostgreSQL95Dialect
19:13:21,736 INFO  [org.hibernate.engine.jdbc.env.internal.LobCreatorBuilderImpl] (ServerService Thread Pool -- 21) HHH000424: Disabling contextual LOB creation as createClob() method threw error : java.lang.reflect.InvocationTargetException
19:13:21,743 INFO  [org.hibernate.type.BasicTypeRegistry] (ServerService Thread Pool -- 21) HHH000270: Type registration [java.util.UUID] overrides previous : org.hibernate.type.UUIDBinaryType@410cc5d5
19:13:21,748 INFO  [org.hibernate.envers.boot.internal.EnversServiceImpl] (ServerService Thread Pool -- 21) Envers integration enabled? : true
19:13:22,314 WARN  [org.jboss.weld.Bootstrap] (MSC service thread 1-2) WELD-000146: BeforeBeanDiscovery.addAnnotatedType(AnnotatedType<?>) used for class com.sun.faces.flow.FlowDiscoveryCDIHelper is deprecated from CDI 1.1!
19:13:22,359 INFO  [io.smallrye.metrics] (MSC service thread 1-2) MicroProfile: Metrics activated
19:13:22,925 INFO  [javax.enterprise.resource.webcontainer.jsf.config] (ServerService Thread Pool -- 21) Initializing Mojarra 2.3.9.SP01 for context '/docarchive'
19:13:23,722 INFO  [javax.enterprise.resource.webcontainer.jsf.config] (ServerService Thread Pool -- 21) Monitoring file:/C:/Project/Java/JSF/docArchiveJSF/target/wildfly-run/wildfly-16.0.0.Final/standalone/tmp/vfs/temp/temp70aea61cb5fa2b3e/content-f5838343999c7814/WEB-INF/faces-config.xml for modifications
19:13:23,811 INFO  [org.primefaces.webapp.PostConstructApplicationEventListener] (ServerService Thread Pool -- 21) Running on PrimeFaces 6.0
19:13:23,896 INFO  [org.wildfly.extension.undertow] (ServerService Thread Pool -- 21) WFLYUT0021: Registered web context: '/docarchive' for server 'default-server'
19:13:23,938 INFO  [org.jboss.as.server] (management-handler-thread - 1) WFLYSRV0010: Deployed "docarchive.war" (runtime-name : "docarchive.war")
19:13:33,296 INFO  [controllers.TopicController] (default task-1) Constructor
19:13:33,301 INFO  [DAO.docDAO$Proxy$_$$_WeldClientProxy] (default task-1) docDAO
19:13:33,301 INFO  [controllers.TopicController] (default task-1) postConstruct
19:13:33,301 INFO  [DAO.docDAO] (default task-1) docDAO
19:13:33,306 INFO  [controllers.TopicController] (default task-1) doc_dao = DAO.docDAO@112726a6
19:13:33,306 INFO  [DAO.docDAO] (default task-1) em = org.jboss.as.jpa.container.TransactionScopedEntityManager@5a33674c
19:13:33,383 INFO  [org.hibernate.hql.internal.QueryTranslatorFactoryInitiator] (default task-1) HHH000397: Using ASTQueryTranslatorFactory
19:13:33,466 INFO  [stdout] (default task-1) Hibernate: 
19:13:33,466 INFO  [stdout] (default task-1)     select
19:13:33,466 INFO  [stdout] (default task-1)         topic0_.id as id1_0_,
19:13:33,466 INFO  [stdout] (default task-1)         topic0_.f_name as f_name2_0_ 
19:13:33,466 INFO  [stdout] (default task-1)     from
19:13:33,466 INFO  [stdout] (default task-1)         t_spr_topics topic0_ 
19:13:33,466 INFO  [stdout] (default task-1)     order by
19:13:33,466 INFO  [stdout] (default task-1)         topic0_.f_name
19:13:35,285 INFO  [controllers.TopicController] (default task-2) Constructor
19:13:35,285 INFO  [controllers.TopicController] (default task-2) postConstruct
19:13:35,285 INFO  [DAO.docDAO] (default task-2) docDAO
19:13:35,286 INFO  [controllers.TopicController] (default task-2) doc_dao = DAO.docDAO@4b4ff035
19:13:35,286 INFO  [DAO.docDAO] (default task-2) em = org.jboss.as.jpa.container.TransactionScopedEntityManager@5b482713
19:13:35,287 INFO  [stdout] (default task-2) Hibernate: 
19:13:35,287 INFO  [stdout] (default task-2)     select
19:13:35,287 INFO  [stdout] (default task-2)         topic0_.id as id1_0_,
19:13:35,287 INFO  [stdout] (default task-2)         topic0_.f_name as f_name2_0_ 
19:13:35,287 INFO  [stdout] (default task-2)     from
19:13:35,287 INFO  [stdout] (default task-2)         t_spr_topics topic0_ 
19:13:35,287 INFO  [stdout] (default task-2)     order by
19:13:35,287 INFO  [stdout] (default task-2)         topic0_.f_name
19:13:36,464 INFO  [controllers.GrowlView] (default task-2) saveMessage
19:13:46,922 INFO  [org.jboss.as.server] (Thread-2) WFLYSRV0272: Suspending server
19:13:46,924 INFO  [org.jboss.as.ejb3] (Thread-2) WFLYEJB0493: EJB subsystem suspension complete
19:13:46,925 INFO  [org.jboss.as.server] (Thread-2) WFLYSRV0220: Server shutdown has been requested via an OS signal
19:13:46,936 INFO  [org.jboss.as.connector.deployers.jdbc] (MSC service thread 1-5) WFLYJCA0019: Stopped Driver service with driver-name = docarchive.war_org.postgresql.Driver_42_2
19:13:46,942 INFO  [org.jboss.as.mail.extension] (MSC service thread 1-7) WFLYMAIL0002: Unbound mail session [java:jboss/mail/Default]
19:13:46,944 INFO  [org.wildfly.extension.undertow] (ServerService Thread Pool -- 77) WFLYUT0022: Unregistered web context: '/docarchive' from server 'default-server'
19:13:46,963 INFO  [org.wildfly.extension.undertow] (MSC service thread 1-2) WFLYUT0019: Host default-host stopping
19:13:46,979 INFO  [org.jboss.as.connector.subsystems.datasources] (MSC service thread 1-1) WFLYJCA0010: Unbound data source [java:jboss/datasources/ExampleDS]
19:13:46,981 INFO  [org.jboss.as.jpa] (ServerService Thread Pool -- 77) WFLYJPA0011: Stopping Persistence Unit (phase 2 of 2) Service 'docarchive.war#db_JPA'
19:13:46,981 INFO  [org.jboss.as.connector.deployers.jdbc] (MSC service thread 1-7) WFLYJCA0019: Stopped Driver service with driver-name = h2
19:13:46,982 INFO  [org.jboss.as.clustering.infinispan] (ServerService Thread Pool -- 78) WFLYCLINF0003: Stopped client-mappings cache from ejb container
19:13:46,983 INFO  [org.hibernate.orm.beans] (ServerService Thread Pool -- 77) HHH10005004: Stopping BeanContainer : org.hibernate.resource.beans.container.internal.CdiBeanContainerExtendedAccessImpl@43282436
19:13:46,986 INFO  [org.jboss.as.jpa] (ServerService Thread Pool -- 77) WFLYJPA0011: Stopping Persistence Unit (phase 1 of 2) Service 'docarchive.war#db_JPA'
19:13:46,987 INFO  [org.jboss.as.connector.subsystems.datasources] (MSC service thread 1-4) WFLYJCA0010: Unbound data source [java:/docArchive]
19:13:46,991 INFO  [org.jboss.as.connector.deployers.jdbc] (MSC service thread 1-1) WFLYJCA0019: Stopped Driver service with driver-name = postgres
19:13:47,008 INFO  [org.wildfly.extension.undertow] (MSC service thread 1-4) WFLYUT0008: Undertow HTTP listener default suspending
19:13:47,008 INFO  [org.wildfly.extension.undertow] (MSC service thread 1-1) WFLYUT0008: Undertow HTTPS listener https suspending
19:13:47,009 INFO  [org.wildfly.extension.undertow] (MSC service thread 1-1) WFLYUT0007: Undertow HTTPS listener https stopped, was bound to 127.0.0.1:8443
19:13:47,009 INFO  [org.wildfly.extension.undertow] (MSC service thread 1-4) WFLYUT0007: Undertow HTTP listener default stopped, was bound to 127.0.0.1:8080
19:13:47,011 INFO  [org.wildfly.extension.undertow] (MSC service thread 1-5) WFLYUT0004: Undertow 2.0.19.Final stopping
19:13:47,103 INFO  [org.jboss.as.server.deployment] (MSC service thread 1-8) WFLYSRV0028: Stopped deployment docarchive.war (runtime-name: docarchive.war) in 174ms
19:13:47,108 INFO  [org.jboss.as] (MSC service thread 1-2) WFLYSRV0050: WildFly Full 16.0.0.Final (WildFly Core 8.0.0.Final) stopped in 178ms
Завершить выполнение пакетного файла [Y(да)/N(нет)]? 
Завершить выполнение пакетного файла [Y(да)/N(нет)]? 
Завершить выполнение пакетного файла [Y(да)/N(нет)]? 
Завершить выполнение пакетного файла [Y(да)/N(нет)]? 
Завершить выполнение пакетного файла [Y(да)/N(нет)]? 
Завершить выполнение пакетного файла [Y(да)/N(нет)]? 
